c:\users\navea\onedrive\שולחן העבודה\project1\mindcheat\build\mindcheat.dir\debug\vc143.pdb
c:\users\navea\onedrive\שולחן העבודה\project1\mindcheat\build\mindcheat.dir\debug\imgui_impl_dx11.obj
c:\users\navea\onedrive\שולחן העבודה\project1\mindcheat\build\mindcheat.dir\debug\imgui_impl_win32.obj
c:\users\navea\onedrive\שולחן העבודה\project1\mindcheat\build\mindcheat.dir\debug\imgui_widgets.obj
c:\users\navea\onedrive\שולחן העבודה\project1\mindcheat\build\mindcheat.dir\debug\imgui_tables.obj
c:\users\navea\onedrive\שולחן העבודה\project1\mindcheat\build\mindcheat.dir\debug\imgui_draw.obj
c:\users\navea\onedrive\שולחן העבודה\project1\mindcheat\build\mindcheat.dir\debug\imgui_demo.obj
c:\users\navea\onedrive\שולחן העבודה\project1\mindcheat\build\mindcheat.dir\debug\imgui.obj
c:\users\navea\onedrive\שולחן העבודה\project1\mindcheat\build\mindcheat.dir\debug\triggerbot.obj
c:\users\navea\onedrive\שולחן העבודה\project1\mindcheat\build\mindcheat.dir\debug\spectator_list.obj
c:\users\navea\onedrive\שולחן העבודה\project1\mindcheat\build\mindcheat.dir\debug\glow.obj
c:\users\navea\onedrive\שולחן העבודה\project1\mindcheat\build\mindcheat.dir\debug\nosmoke.obj
c:\users\navea\onedrive\שולחן העבודה\project1\mindcheat\build\mindcheat.dir\debug\noflash.obj
c:\users\navea\onedrive\שולחן העבודה\project1\mindcheat\build\mindcheat.dir\debug\bhop.obj
c:\users\navea\onedrive\שולחן העבודה\project1\mindcheat\build\mindcheat.dir\debug\player_fov.obj
c:\users\navea\onedrive\שולחן העבודה\project1\mindcheat\build\mindcheat.dir\debug\aimbot.obj
c:\users\navea\onedrive\שולחן העבודה\project1\mindcheat\build\mindcheat.dir\debug\esp.obj
c:\users\navea\onedrive\שולחן העבודה\project1\mindcheat\build\mindcheat.dir\debug\dx11_hook.obj
c:\users\navea\onedrive\שולחן העבודה\project1\mindcheat\build\mindcheat.dir\debug\hooks.obj
c:\users\navea\onedrive\שולחן העבודה\project1\mindcheat\build\mindcheat.dir\debug\dllmain.obj
c:\users\navea\onedrive\שולחן העבודה\project1\mindcheat\build\mindcheat.dir\debug\radar.obj
c:\users\navea\onedrive\שולחן העבודה\project1\mindcheat\build\cmakefiles\generate.stamp
c:\users\navea\onedrive\שולחן העבודה\project1\mindcheat\build\debug\mindcheat.dll
c:\users\navea\onedrive\שולחן העבודה\project1\mindcheat\build\debug\mindcheat.pdb
c:\users\navea\onedrive\שולחן העבודה\project1\mindcheat\build\mindcheat.dir\debug\mindcheat.ilk
c:\users\navea\onedrive\שולחן העבודה\project1\mindcheat\build\mindcheat.dir\debug\norecoil.obj
c:\users\navea\onedrive\שולחן העבודה\project1\mindcheat\build\mindcheat.dir\debug\mindcheat.tlog\cl.command.1.tlog
c:\users\navea\onedrive\שולחן העבודה\project1\mindcheat\build\mindcheat.dir\debug\mindcheat.tlog\cl.items.tlog
c:\users\navea\onedrive\שולחן העבודה\project1\mindcheat\build\mindcheat.dir\debug\mindcheat.tlog\cl.read.1.tlog
c:\users\navea\onedrive\שולחן העבודה\project1\mindcheat\build\mindcheat.dir\debug\mindcheat.tlog\cl.write.1.tlog
c:\users\navea\onedrive\שולחן העבודה\project1\mindcheat\build\mindcheat.dir\debug\mindcheat.tlog\custombuild.command.1.tlog
c:\users\navea\onedrive\שולחן העבודה\project1\mindcheat\build\mindcheat.dir\debug\mindcheat.tlog\custombuild.read.1.tlog
c:\users\navea\onedrive\שולחן העבודה\project1\mindcheat\build\mindcheat.dir\debug\mindcheat.tlog\custombuild.write.1.tlog
c:\users\navea\onedrive\שולחן העבודה\project1\mindcheat\build\mindcheat.dir\debug\mindcheat.tlog\link.command.1.tlog
c:\users\navea\onedrive\שולחן העבודה\project1\mindcheat\build\mindcheat.dir\debug\mindcheat.tlog\link.read.1.tlog
c:\users\navea\onedrive\שולחן העבודה\project1\mindcheat\build\mindcheat.dir\debug\mindcheat.tlog\link.secondary.1.tlog
c:\users\navea\onedrive\שולחן העבודה\project1\mindcheat\build\mindcheat.dir\debug\mindcheat.tlog\link.write.1.tlog
